<?xml version="1.0" encoding="UTF-8"?>
<!-- Generated by org.testng.reporters.JUnitXMLReporter -->
<testsuite ignored="0" hostname="LAPTOP-U3GTK72O" failures="0" tests="3" name="Default test" time="12.821" errors="0" timestamp="2024-04-05T16:18:21 IST">
  <testcase classname="com.CRM.TestCases.HomePageTest" name="verifyUrl" time="0.014"/>
  <testcase classname="com.CRM.TestCases.HomePageTest" name="verifyTitle" time="0.013"/>
  <testcase classname="com.CRM.TestCases.HomePageTest" name="verifySignin" time="5.075"/>
</testsuite> <!-- Default test -->
