<?xml version="1.0" encoding="UTF-8"?>
<!-- Generated by org.testng.reporters.JUnitXMLReporter -->
<testsuite ignored="0" hostname="LAPTOP-U3GTK72O" failures="0" tests="3" name="HomePageTest" time="14.564" errors="0" timestamp="2024-04-06T14:53:11 IST">
  <testcase classname="com.CRM.TestCases.HomePageTest" name="verifyUrl" time="0.026"/>
  <testcase classname="com.CRM.TestCases.HomePageTest" name="verifyTitle" time="0.023"/>
  <testcase classname="com.CRM.TestCases.HomePageTest" name="verifySignin" time="5.14"/>
</testsuite> <!-- HomePageTest -->
