<?xml version="1.0" encoding="UTF-8"?>
<!-- Generated by org.testng.reporters.JUnitXMLReporter -->
<testsuite ignored="1" hostname="LAPTOP-U3GTK72O" failures="0" tests="4" name="Test" time="15.581" errors="0" timestamp="2024-04-05T14:48:35 IST">
  <testcase classname="com.CRM.TestCases.BaseClass" name="@BeforeClass pageSetUp" time="0.002">
    <failure type="java.lang.NullPointerException" message="Cannot invoke &amp;quot;com.CRM.Pages.HomePage.getSignIn()&amp;quot; because &amp;quot;this.hp&amp;quot; is null">
      <![CDATA[java.lang.NullPointerException: Cannot invoke "com.CRM.Pages.HomePage.getSignIn()" because "this.hp" is null
at com.CRM.TestCases.BaseClass.pageSetUp(BaseClass.java:30)
at java.base/java.util.ArrayList.forEach(ArrayList.java:1511)
... Removed 25 stack frames]]>
    </failure>
  </testcase> <!-- @BeforeClass pageSetUp -->
  <testcase classname="com.CRM.TestCases.BaseClass" name="@BeforeMethod setUp" time="0.0">
    <skipped/>
  </testcase> <!-- @BeforeMethod setUp -->
  <testcase classname="com.CRM.TestCases.HomePageTest" name="verifyUrl" time="0.026"/>
  <testcase classname="com.CRM.TestCases.HomePageTest" name="verifyTitle" time="0.026"/>
  <testcase classname="com.CRM.TestCases.HomePageTest" name="verifySignin" time="0.911"/>
  <testcase classname="com.CRM.TestCases.LoginPageTest" name="verifyLogin" time="0.0">
    <skipped/>
  </testcase> <!-- verifyLogin -->
  <testcase classname="com.CRM.TestCases.BaseClass" name="@BeforeTest setUp" time="0.0">
    <ignored/>
  </testcase> <!-- @BeforeTest setUp -->
</testsuite> <!-- Test -->
