<?xml version="1.0" encoding="UTF-8"?>
<!-- Generated by org.testng.reporters.JUnitXMLReporter -->
<testsuite ignored="0" hostname="LAPTOP-U3GTK72O" failures="1" tests="1" name="Test3" time="188.305" errors="0" timestamp="2024-04-16T14:56:25 IST">
  <testcase classname="seleniumGrid.CrossBrowserTest" name="browserTest" time="188.253">
    <failure type="org.openqa.selenium.TimeoutException" message="java.util.concurrent.TimeoutException
Build info: version: &amp;apos;4.19.1&amp;apos;, revision: &amp;apos;abe0ee07dc&amp;apos;
System info: os.name: &amp;apos;Windows 11&amp;apos;, os.arch: &amp;apos;amd64&amp;apos;, os.version: &amp;apos;10.0&amp;apos;, java.version: &amp;apos;17.0.10&amp;apos;
Driver info: org.openqa.selenium.remote.RemoteWebDriver
Command: [8a2e3ebb-4c91-47f0-b10e-0fbc5a5fff49, get {url=https://www.amazon.in}]
Capabilities {acceptInsecureCerts: true, browserName: firefox, browserVersion: 124.0.2, moz:accessibilityChecks: false, moz:buildID: 20240401114208, moz:debuggerAddress: 127.0.0.1:28978, moz:firefoxOptions: {}, moz:geckodriverVersion: 0.34.0, moz:headless: false, moz:platformVersion: 5.15.146.1-microsoft-standa..., moz:processID: 600, moz:profile: /tmp/rust_mozprofile8MDNgF, moz:shutdownTimeout: 60000, moz:webdriverClick: true, moz:windowless: false, pageLoadStrategy: normal, platformName: linux, proxy: Proxy(), se:bidiEnabled: false, se:cdp: ws://172.18.0.4:4444/sessio..., se:cdpVersion: 85.0, se:noVncPort: 7900, se:vnc: ws://172.18.0.4:4444/sessio..., se:vncEnabled: true, se:vncLocalAddress: ws://172.18.0.4:7900, setWindowRect: true, strictFileInteractability: false, timeouts: {implicit: 0, pageLoad: 300000, script: 30000}, unhandledPromptBehavior: dismiss and notify}
Session ID: 8a2e3ebb-4c91-47f0-b10e-0fbc5a5fff49">
      <![CDATA[org.openqa.selenium.TimeoutException: java.util.concurrent.TimeoutException
Build info: version: '4.19.1', revision: 'abe0ee07dc'
System info: os.name: 'Windows 11', os.arch: 'amd64', os.version: '10.0', java.version: '17.0.10'
Driver info: org.openqa.selenium.remote.RemoteWebDriver
Command: [8a2e3ebb-4c91-47f0-b10e-0fbc5a5fff49, get {url=https://www.amazon.in}]
Capabilities {acceptInsecureCerts: true, browserName: firefox, browserVersion: 124.0.2, moz:accessibilityChecks: false, moz:buildID: 20240401114208, moz:debuggerAddress: 127.0.0.1:28978, moz:firefoxOptions: {}, moz:geckodriverVersion: 0.34.0, moz:headless: false, moz:platformVersion: 5.15.146.1-microsoft-standa..., moz:processID: 600, moz:profile: /tmp/rust_mozprofile8MDNgF, moz:shutdownTimeout: 60000, moz:webdriverClick: true, moz:windowless: false, pageLoadStrategy: normal, platformName: linux, proxy: Proxy(), se:bidiEnabled: false, se:cdp: ws://172.18.0.4:4444/sessio..., se:cdpVersion: 85.0, se:noVncPort: 7900, se:vnc: ws://172.18.0.4:4444/sessio..., se:vncEnabled: true, se:vncLocalAddress: ws://172.18.0.4:7900, setWindowRect: true, strictFileInteractability: false, timeouts: {implicit: 0, pageLoad: 300000, script: 30000}, unhandledPromptBehavior: dismiss and notify}
Session ID: 8a2e3ebb-4c91-47f0-b10e-0fbc5a5fff49
at org.openqa.selenium.remote.http.jdk.JdkHttpClient.execute0(JdkHttpClient.java:396)
at org.openqa.selenium.remote.http.AddSeleniumUserAgent.lambda$apply$0(AddSeleniumUserAgent.java:42)
at org.openqa.selenium.remote.http.Filter.lambda$andFinally$1(Filter.java:55)
at org.openqa.selenium.remote.http.jdk.JdkHttpClient.execute(JdkHttpClient.java:352)
at org.openqa.selenium.remote.tracing.TracedHttpClient.execute(TracedHttpClient.java:54)
at org.openqa.selenium.remote.HttpCommandExecutor.execute(HttpCommandExecutor.java:187)
at org.openqa.selenium.remote.TracedCommandExecutor.execute(TracedCommandExecutor.java:51)
at org.openqa.selenium.remote.RemoteWebDriver.execute(RemoteWebDriver.java:518)
at org.openqa.selenium.remote.RemoteWebDriver.get(RemoteWebDriver.java:300)
at seleniumGrid.CrossBrowserTest.browserTest(CrossBrowserTest.java:67)
at java.base/java.util.ArrayList.forEach(ArrayList.java:1511)
at java.base/java.util.concurrent.FutureTask.run(FutureTask.java:264)
at java.base/java.util.concurrent.ThreadPoolExecutor.runWorker(ThreadPoolExecutor.java:1136)
at java.base/java.util.concurrent.ThreadPoolExecutor$Worker.run(ThreadPoolExecutor.java:635)
at java.base/java.lang.Thread.run(Thread.java:842)
Caused by: java.util.concurrent.TimeoutException
at java.base/java.util.concurrent.CompletableFuture.timedGet(CompletableFuture.java:1960)
at java.base/java.util.concurrent.CompletableFuture.get(CompletableFuture.java:2095)
at org.openqa.selenium.remote.http.jdk.JdkHttpClient.execute0(JdkHttpClient.java:379)
... 31 more
... Removed 17 stack frames]]>
    </failure>
  </testcase> <!-- browserTest -->
</testsuite> <!-- Test3 -->
