<?xml version="1.0" encoding="UTF-8"?>
<!-- Generated by org.testng.reporters.JUnitXMLReporter -->
<testsuite ignored="0" hostname="LAPTOP-U3GTK72O" failures="0" tests="3" name="HomePageTest" time="5.325" errors="0" timestamp="2024-04-14T16:24:27 IST">
  <testcase classname="com.CRM.TestCases.HomePageTest" name="verifyUrl" time="0.011"/>
  <testcase classname="com.CRM.TestCases.HomePageTest" name="verifyTitle" time="0.011"/>
  <testcase classname="com.CRM.TestCases.HomePageTest" name="verifySignin" time="0.299"/>
</testsuite> <!-- HomePageTest -->
