<?xml version="1.0" encoding="UTF-8"?>
<testng-results ignored="0" total="4" passed="4" failed="0" skipped="0">
  <reporter-output>
  </reporter-output>
  <suite started-at="2024-04-14T16:18:19 IST" name="Suite" finished-at="2024-04-14T16:18:29 IST" duration-ms="9312">
    <groups>
    </groups>
    <test started-at="2024-04-14T16:18:19 IST" name="HomePageTest" finished-at="2024-04-14T16:18:25 IST" duration-ms="5109">
      <class name="com.CRM.TestCases.HomePageTest">
        <test-method is-config="true" signature="setUp()[pri:0, instance:com.CRM.TestCases.HomePageTest@48ae9b55]" started-at="2024-04-14T16:18:19 IST" name="setUp" finished-at="2024-04-14T16:18:23 IST" duration-ms="3742" status="PASS">
          <reporter-output>
          </reporter-output>
        </test-method> <!-- setUp -->
        <test-method is-config="true" signature="pageSetUp()[pri:0, instance:com.CRM.TestCases.HomePageTest@48ae9b55]" started-at="2024-04-14T16:18:23 IST" name="pageSetUp" finished-at="2024-04-14T16:18:24 IST" duration-ms="968" status="PASS">
          <reporter-output>
          </reporter-output>
        </test-method> <!-- pageSetUp -->
        <test-method signature="verifyUrl()[pri:1, instance:com.CRM.TestCases.HomePageTest@48ae9b55]" started-at="2024-04-14T16:18:24 IST" name="verifyUrl" finished-at="2024-04-14T16:18:24 IST" duration-ms="10" status="PASS">
          <reporter-output>
          </reporter-output>
        </test-method> <!-- verifyUrl -->
        <test-method signature="verifyTitle()[pri:2, instance:com.CRM.TestCases.HomePageTest@48ae9b55]" started-at="2024-04-14T16:18:24 IST" name="verifyTitle" finished-at="2024-04-14T16:18:24 IST" duration-ms="13" status="PASS">
          <reporter-output>
          </reporter-output>
        </test-method> <!-- verifyTitle -->
        <test-method signature="verifySignin()[pri:3, instance:com.CRM.TestCases.HomePageTest@48ae9b55]" started-at="2024-04-14T16:18:24 IST" name="verifySignin" finished-at="2024-04-14T16:18:25 IST" duration-ms="344" status="PASS">
          <reporter-output>
          </reporter-output>
        </test-method> <!-- verifySignin -->
      </class> <!-- com.CRM.TestCases.HomePageTest -->
    </test> <!-- HomePageTest -->
    <test started-at="2024-04-14T16:18:25 IST" name="LoginPageTest" finished-at="2024-04-14T16:18:29 IST" duration-ms="4171">
      <class name="com.CRM.TestCases.LoginPageTest">
        <test-method is-config="true" signature="setUp()[pri:0, instance:com.CRM.TestCases.LoginPageTest@72057ecf]" started-at="2024-04-14T16:18:25 IST" name="setUp" finished-at="2024-04-14T16:18:27 IST" duration-ms="2458" status="PASS">
          <reporter-output>
          </reporter-output>
        </test-method> <!-- setUp -->
        <test-method is-config="true" signature="pageSetUp()[pri:0, instance:com.CRM.TestCases.LoginPageTest@72057ecf]" started-at="2024-04-14T16:18:27 IST" name="pageSetUp" finished-at="2024-04-14T16:18:28 IST" duration-ms="978" status="PASS">
          <reporter-output>
          </reporter-output>
        </test-method> <!-- pageSetUp -->
        <test-method signature="verifyLogin()[pri:0, instance:com.CRM.TestCases.LoginPageTest@72057ecf]" started-at="2024-04-14T16:18:28 IST" name="verifyLogin" finished-at="2024-04-14T16:18:29 IST" duration-ms="731" status="PASS">
          <reporter-output>
          </reporter-output>
        </test-method> <!-- verifyLogin -->
      </class> <!-- com.CRM.TestCases.LoginPageTest -->
    </test> <!-- LoginPageTest -->
  </suite> <!-- Suite -->
</testng-results>
