<?xml version="1.0" encoding="UTF-8"?>
<testng-results ignored="0" total="4" passed="4" failed="0" skipped="0">
  <reporter-output>
  </reporter-output>
  <suite started-at="2024-04-14T16:24:21 IST" name="Suite" finished-at="2024-04-14T16:24:31 IST" duration-ms="9796">
    <groups>
    </groups>
    <test started-at="2024-04-14T16:24:21 IST" name="HomePageTest" finished-at="2024-04-14T16:24:27 IST" duration-ms="5325">
      <class name="com.CRM.TestCases.HomePageTest">
        <test-method is-config="true" signature="setUp()[pri:0, instance:com.CRM.TestCases.HomePageTest@48ae9b55]" started-at="2024-04-14T16:24:21 IST" name="setUp" finished-at="2024-04-14T16:24:25 IST" duration-ms="4064" status="PASS">
          <reporter-output>
          </reporter-output>
        </test-method> <!-- setUp -->
        <test-method is-config="true" signature="pageSetUp()[pri:0, instance:com.CRM.TestCases.HomePageTest@48ae9b55]" started-at="2024-04-14T16:24:25 IST" name="pageSetUp" finished-at="2024-04-14T16:24:26 IST" duration-ms="908" status="PASS">
          <reporter-output>
          </reporter-output>
        </test-method> <!-- pageSetUp -->
        <test-method signature="verifyUrl()[pri:1, instance:com.CRM.TestCases.HomePageTest@48ae9b55]" started-at="2024-04-14T16:24:26 IST" name="verifyUrl" finished-at="2024-04-14T16:24:26 IST" duration-ms="11" status="PASS">
          <reporter-output>
          </reporter-output>
        </test-method> <!-- verifyUrl -->
        <test-method signature="verifyTitle()[pri:2, instance:com.CRM.TestCases.HomePageTest@48ae9b55]" started-at="2024-04-14T16:24:26 IST" name="verifyTitle" finished-at="2024-04-14T16:24:26 IST" duration-ms="11" status="PASS">
          <reporter-output>
          </reporter-output>
        </test-method> <!-- verifyTitle -->
        <test-method signature="verifySignin()[pri:3, instance:com.CRM.TestCases.HomePageTest@48ae9b55]" started-at="2024-04-14T16:24:26 IST" name="verifySignin" finished-at="2024-04-14T16:24:27 IST" duration-ms="299" status="PASS">
          <reporter-output>
          </reporter-output>
        </test-method> <!-- verifySignin -->
      </class> <!-- com.CRM.TestCases.HomePageTest -->
    </test> <!-- HomePageTest -->
    <test started-at="2024-04-14T16:24:27 IST" name="LoginPageTest" finished-at="2024-04-14T16:24:31 IST" duration-ms="4436">
      <class name="com.CRM.TestCases.LoginPageTest">
        <test-method is-config="true" signature="setUp()[pri:0, instance:com.CRM.TestCases.LoginPageTest@72057ecf]" started-at="2024-04-14T16:24:27 IST" name="setUp" finished-at="2024-04-14T16:24:29 IST" duration-ms="2485" status="PASS">
          <reporter-output>
          </reporter-output>
        </test-method> <!-- setUp -->
        <test-method is-config="true" signature="pageSetUp()[pri:0, instance:com.CRM.TestCases.LoginPageTest@72057ecf]" started-at="2024-04-14T16:24:29 IST" name="pageSetUp" finished-at="2024-04-14T16:24:30 IST" duration-ms="1080" status="PASS">
          <reporter-output>
          </reporter-output>
        </test-method> <!-- pageSetUp -->
        <test-method signature="verifyLogin()[pri:0, instance:com.CRM.TestCases.LoginPageTest@72057ecf]" started-at="2024-04-14T16:24:30 IST" name="verifyLogin" finished-at="2024-04-14T16:24:31 IST" duration-ms="869" status="PASS">
          <reporter-output>
          </reporter-output>
        </test-method> <!-- verifyLogin -->
      </class> <!-- com.CRM.TestCases.LoginPageTest -->
    </test> <!-- LoginPageTest -->
  </suite> <!-- Suite -->
</testng-results>
