<?xml version="1.0" encoding="UTF-8"?>
<testng-results ignored="0" total="4" passed="4" failed="0" skipped="0">
  <reporter-output>
  </reporter-output>
  <suite started-at="2024-04-05T16:18:29 IST" name="Suite" finished-at="2024-04-05T16:18:50 IST" duration-ms="20761">
    <groups>
    </groups>
    <test started-at="2024-04-05T16:18:29 IST" name="HomePageTest" finished-at="2024-04-05T16:18:42 IST" duration-ms="12859">
      <class name="com.CRM.TestCases.HomePageTest">
        <test-method is-config="true" signature="setUp()[pri:0, instance:com.CRM.TestCases.HomePageTest@6069db50]" started-at="2024-04-05T16:18:29 IST" name="setUp" finished-at="2024-04-05T16:18:31 IST" duration-ms="2362" status="PASS">
          <reporter-output>
          </reporter-output>
        </test-method> <!-- setUp -->
        <test-method is-config="true" signature="pageSetUp()[pri:0, instance:com.CRM.TestCases.HomePageTest@6069db50]" started-at="2024-04-05T16:18:31 IST" name="pageSetUp" finished-at="2024-04-05T16:18:37 IST" duration-ms="5351" status="PASS">
          <reporter-output>
          </reporter-output>
        </test-method> <!-- pageSetUp -->
        <test-method signature="verifyUrl()[pri:1, instance:com.CRM.TestCases.HomePageTest@6069db50]" started-at="2024-04-05T16:18:37 IST" name="verifyUrl" finished-at="2024-04-05T16:18:37 IST" duration-ms="13" status="PASS">
          <reporter-output>
          </reporter-output>
        </test-method> <!-- verifyUrl -->
        <test-method signature="verifyTitle()[pri:2, instance:com.CRM.TestCases.HomePageTest@6069db50]" started-at="2024-04-05T16:18:37 IST" name="verifyTitle" finished-at="2024-04-05T16:18:37 IST" duration-ms="13" status="PASS">
          <reporter-output>
          </reporter-output>
        </test-method> <!-- verifyTitle -->
        <test-method signature="verifySignin()[pri:3, instance:com.CRM.TestCases.HomePageTest@6069db50]" started-at="2024-04-05T16:18:37 IST" name="verifySignin" finished-at="2024-04-05T16:18:42 IST" duration-ms="5083" status="PASS">
          <reporter-output>
          </reporter-output>
        </test-method> <!-- verifySignin -->
      </class> <!-- com.CRM.TestCases.HomePageTest -->
    </test> <!-- HomePageTest -->
    <test started-at="2024-04-05T16:18:42 IST" name="LoginPageTest" finished-at="2024-04-05T16:18:50 IST" duration-ms="7844">
      <class name="com.CRM.TestCases.LoginPageTest">
        <test-method is-config="true" signature="setUp()[pri:0, instance:com.CRM.TestCases.LoginPageTest@5fe94a96]" started-at="2024-04-05T16:18:42 IST" name="setUp" finished-at="2024-04-05T16:18:44 IST" duration-ms="1953" status="PASS">
          <reporter-output>
          </reporter-output>
        </test-method> <!-- setUp -->
        <test-method is-config="true" signature="pageSetUp()[pri:0, instance:com.CRM.TestCases.LoginPageTest@5fe94a96]" started-at="2024-04-05T16:18:44 IST" name="pageSetUp" finished-at="2024-04-05T16:18:49 IST" duration-ms="5363" status="PASS">
          <reporter-output>
          </reporter-output>
        </test-method> <!-- pageSetUp -->
        <test-method signature="verifyLogin()[pri:0, instance:com.CRM.TestCases.LoginPageTest@5fe94a96]" started-at="2024-04-05T16:18:49 IST" name="verifyLogin" finished-at="2024-04-05T16:18:50 IST" duration-ms="524" status="PASS">
          <reporter-output>
          </reporter-output>
        </test-method> <!-- verifyLogin -->
      </class> <!-- com.CRM.TestCases.LoginPageTest -->
    </test> <!-- LoginPageTest -->
  </suite> <!-- Suite -->
</testng-results>
